<?xml version="1.0" encoding="UTF-8"?>
<testsuite xmlns:xsi="http://www.w3.org/2001/XMLSchema-instance" xsi:noNamespaceSchemaLocation="https://maven.apache.org/surefire/maven-surefire-plugin/xsd/surefire-test-report.xsd" version="3.0.2" name="com.btec.quanlychess_api.QuanlychessApiApplicationTests" time="6.188" tests="1" errors="0" skipped="0" failures="0">
  <properties>
[...]
</properties>
  <testcase name="contextLoads" classname="com.btec.quanlychess_api.QuanlychessApiApplicationTests" time="1.245">
    <system-out><![CDATA[13:09:35.449 [main] INFO org.springframework.test.context.support.AnnotationConfigContextLoaderUtils -- Could not detect default configuration classes for test class [com.btec.quanlychess_api.QuanlychessApiApplicationTests]: QuanlychessApiApplicationTests does not declare any static, non-private, non-final, nested classes annotated with @Configuration.
13:09:35.697 [main] INFO org.springframework.boot.test.context.SpringBootTestContextBootstrapper -- Found @SpringBootConfiguration com.btec.quanlychess_api.QuanlychessApiApplication for test class com.btec.quanlychess_api.QuanlychessApiApplicationTests

  .   ____          _            __ _ _
 /\\ / ___'_ __ _ _(_)_ __  __ _ \ \ \ \
( ( )\___ | '_ | '_| | '_ \/ _` | \ \ \ \
 \\/  ___)| |_)| | | | | || (_| |  ) ) ) )
  '  |____| .__|_| |_|_| |_\__, | / / / /
 =========|_|==============|___/=/_/_/_/

 :: Spring Boot ::                (v3.4.3)

2025-03-17T13:09:36.442+07:00  INFO 9204 --- [quanlychess-api ] [           main] c.b.q.QuanlychessApiApplicationTests     : Starting QuanlychessApiApplicationTests using Java 17.0.12 with PID 9204 (started by Acer in D:\Btec\se06206-finaproject-thayDong-nhom6\backend-api\quanlychess-api)
2025-03-17T13:09:36.445+07:00  INFO 9204 --- [quanlychess-api ] [           main] c.b.q.QuanlychessApiApplicationTests     : No active profile set, falling back to 1 default profile: "default"
2025-03-17T13:09:37.434+07:00  INFO 9204 --- [quanlychess-api ] [           main] .s.d.r.c.RepositoryConfigurationDelegate : Bootstrapping Spring Data MongoDB repositories in DEFAULT mode.
2025-03-17T13:09:37.532+07:00  INFO 9204 --- [quanlychess-api ] [           main] .s.d.r.c.RepositoryConfigurationDelegate : Finished Spring Data repository scanning in 79 ms. Found 1 MongoDB repository interface.
2025-03-17T13:09:38.499+07:00  INFO 9204 --- [quanlychess-api ] [           main] org.mongodb.driver.client                : MongoClient with metadata {"driver": {"name": "mongo-java-driver|sync|spring-boot", "version": "5.2.1"}, "os": {"type": "Windows", "name": "Windows 11", "architecture": "amd64", "version": "10.0"}, "platform": "Java/Oracle Corporation/17.0.12+8-LTS-286"} created with settings MongoClientSettings{readPreference=primary, writeConcern=WriteConcern{w=null, wTimeout=null ms, journal=null}, retryWrites=true, retryReads=true, readConcern=ReadConcern{level=null}, credential=null, transportSettings=null, commandListeners=[], codecRegistry=ProvidersCodecRegistry{codecProviders=[ValueCodecProvider{}, BsonValueCodecProvider{}, DBRefCodecProvider{}, DBObjectCodecProvider{}, DocumentCodecProvider{}, CollectionCodecProvider{}, IterableCodecProvider{}, MapCodecProvider{}, GeoJsonCodecProvider{}, GridFSFileCodecProvider{}, Jsr310CodecProvider{}, JsonObjectCodecProvider{}, BsonCodecProvider{}, EnumCodecProvider{}, com.mongodb.client.model.mql.ExpressionCodecProvider@30bf26df, com.mongodb.Jep395RecordCodecProvider@261bd7b, com.mongodb.KotlinCodecProvider@6f9e08d4]}, loggerSettings=LoggerSettings{maxDocumentLength=1000}, clusterSettings={hosts=[localhost:27017], srvServiceName=mongodb, mode=SINGLE, requiredClusterType=UNKNOWN, requiredReplicaSetName='null', serverSelector='null', clusterListeners='[]', serverSelectionTimeout='30000 ms', localThreshold='15 ms'}, socketSettings=SocketSettings{connectTimeoutMS=10000, readTimeoutMS=0, receiveBufferSize=0, proxySettings=ProxySettings{host=null, port=null, username=null, password=null}}, heartbeatSocketSettings=SocketSettings{connectTimeoutMS=10000, readTimeoutMS=10000, receiveBufferSize=0, proxySettings=ProxySettings{host=null, port=null, username=null, password=null}}, connectionPoolSettings=ConnectionPoolSettings{maxSize=100, minSize=0, maxWaitTimeMS=120000, maxConnectionLifeTimeMS=0, maxConnectionIdleTimeMS=0, maintenanceInitialDelayMS=0, maintenanceFrequencyMS=60000, connectionPoolListeners=[], maxConnecting=2}, serverSettings=ServerSettings{heartbeatFrequencyMS=10000, minHeartbeatFrequencyMS=500, serverMonitoringMode=AUTO, serverListeners='[]', serverMonitorListeners='[]'}, sslSettings=SslSettings{enabled=false, invalidHostNameAllowed=false, context=null}, applicationName='null', compressorList=[], uuidRepresentation=JAVA_LEGACY, serverApi=null, autoEncryptionSettings=null, dnsClient=null, inetAddressResolver=null, contextProvider=null, timeoutMS=null}
2025-03-17T13:09:38.542+07:00  INFO 9204 --- [quanlychess-api ] [localhost:27017] org.mongodb.driver.cluster               : Monitor thread successfully connected to server with description ServerDescription{address=localhost:27017, type=STANDALONE, cryptd=false, state=CONNECTED, ok=true, minWireVersion=0, maxWireVersion=25, maxDocumentSize=16777216, logicalSessionTimeoutMinutes=30, roundTripTimeNanos=32537200, minRoundTripTimeNanos=0}
2025-03-17T13:09:39.314+07:00  INFO 9204 --- [quanlychess-api ] [           main] o.s.v.b.OptionalValidatorFactoryBean     : Failed to set up a Bean Validation provider: jakarta.validation.NoProviderFoundException: Unable to create a Configuration, because no Jakarta Bean Validation provider could be found. Add a provider like Hibernate Validator (RI) to your classpath.
2025-03-17T13:09:39.824+07:00  WARN 9204 --- [quanlychess-api ] [           main] .s.s.UserDetailsServiceAutoConfiguration : 

Using generated security password: 4d28c2ec-3584-43ca-b772-1ad3ce3420d0

This generated password is for development use only. Your security configuration must be updated before running your application in production.

2025-03-17T13:09:39.860+07:00  INFO 9204 --- [quanlychess-api ] [           main] r$InitializeUserDetailsManagerConfigurer : Global AuthenticationManager configured with UserDetailsService bean with name inMemoryUserDetailsManager
2025-03-17T13:09:40.108+07:00  INFO 9204 --- [quanlychess-api ] [           main] c.b.q.QuanlychessApiApplicationTests     : Started QuanlychessApiApplicationTests in 4.117 seconds (process running for 5.86)
]]></system-out>
  </testcase>
</testsuite>